mié mar 8 19:08:56 UTC 2023 iniciando las tareas del run.sh     ######################################
mié mar 8 19:08:56 UTC 2023 removiendo directorio de cache
mié mar 8 19:08:56 UTC 2023 modificando permisos
mié mar 8 19:08:57 UTC 2023 iniciando geopostouch geopos-touch-1.9.3.jar
mié mar 8 19:08:57 UTC 2023 seteando ruta del navegador
mié mar 8 19:08:57 UTC 2023 estrategia para iniciar el navegador
mié mar 8 19:08:57 UTC 2023 Intento 1
mié mar 8 19:09:02 UTC 2023 response status code 000
mié mar 8 19:09:02 UTC 2023 Intento 2
mié mar 8 19:09:07 UTC 2023 response status code 000
mié mar 8 19:09:07 UTC 2023 Intento 3
mié mar 8 19:09:12 UTC 2023 response status code 000
mié mar 8 19:09:12 UTC 2023 Intento 4
mié mar 8 19:09:17 UTC 2023 response status code 000
mié mar 8 19:09:17 UTC 2023 Intento 5
mié mar 8 19:09:22 UTC 2023 response status code 000
mié mar 8 19:09:22 UTC 2023 Intento 6
mié mar 8 19:09:27 UTC 2023 response status code 000
mié mar 8 19:09:27 UTC 2023 Intento 7
mié mar 8 19:09:32 UTC 2023 response status code 000
mié mar 8 19:09:32 UTC 2023 Intento 8
mié mar 8 19:09:37 UTC 2023 response status code 000
mié mar 8 19:09:37 UTC 2023 Intento 9
mié mar 8 19:09:42 UTC 2023 response status code 000
mié mar 8 19:09:42 UTC 2023 Intento 10
mié mar 8 19:09:47 UTC 2023 response status code 000
mié mar 8 19:09:47 UTC 2023 Intento 11
mié mar 8 19:09:52 UTC 2023 response status code 000
mié mar 8 19:09:52 UTC 2023 Intento 12
mié mar 8 19:09:57 UTC 2023 response status code 000
mié mar 8 19:09:57 UTC 2023 Intento 13
mié mar 8 19:10:02 UTC 2023 response status code 000
mié mar 8 19:10:02 UTC 2023 Intento 14
mié mar 8 19:10:07 UTC 2023 response status code 000
mié mar 8 19:10:07 UTC 2023 Intento 15
mié mar 8 19:10:12 UTC 2023 response status code 000
mié mar 8 19:10:12 UTC 2023 Intento 16
mié mar 8 19:10:17 UTC 2023 response status code 000
mié mar 8 19:10:17 UTC 2023 Intento 17
mié mar 8 19:10:22 UTC 2023 response status code 000
mié mar 8 19:10:22 UTC 2023 Intento 18
mié mar 8 19:10:27 UTC 2023 response status code 000
mié mar 8 19:10:27 UTC 2023 Intento 19
mié mar 8 19:10:32 UTC 2023 response status code 000
mié mar 8 19:10:32 UTC 2023 Intento 20
mié mar 8 19:10:37 UTC 2023 response status code 000
mié mar 8 19:10:37 UTC 2023 Intento 21
mié mar 8 19:10:42 UTC 2023 response status code 000
mié mar 8 19:10:42 UTC 2023 Intento 22
mié mar 8 19:10:47 UTC 2023 response status code 000
mié mar 8 19:10:47 UTC 2023 Intento 23
mié mar 8 19:10:52 UTC 2023 response status code 000
mié mar 8 19:10:52 UTC 2023 Intento 24
mié mar 8 19:10:57 UTC 2023 response status code 000
mié mar 8 19:10:57 UTC 2023 Intento 25
mié mar 8 19:11:03 UTC 2023 response status code 000
mié mar 8 19:11:03 UTC 2023 Intento 26
mié mar 8 19:11:08 UTC 2023 response status code 000
mié mar 8 19:11:08 UTC 2023 Intento 27
mié mar 8 19:11:13 UTC 2023 response status code 000
mié mar 8 19:11:13 UTC 2023 Intento 28
mié mar 8 19:11:18 UTC 2023 response status code 000
mié mar 8 19:11:18 UTC 2023 Intento 29
mié mar 8 19:11:23 UTC 2023 response status code 000
mié mar 8 19:11:23 UTC 2023 Intento 30
mié mar 8 19:11:28 UTC 2023 response status code 000
mié mar 8 19:11:28 UTC 2023 Intento 31
mié mar 8 19:11:33 UTC 2023 response status code 000
mié mar 8 19:11:33 UTC 2023 Intento 32
mié mar 8 19:11:38 UTC 2023 response status code 000
mié mar 8 19:11:38 UTC 2023 Intento 33
mié mar 8 19:11:43 UTC 2023 response status code 000
mié mar 8 19:11:43 UTC 2023 Intento 34
mié mar 8 19:11:48 UTC 2023 response status code 000
mié mar 8 19:11:48 UTC 2023 Intento 35
Wed Mar 8 19:11:52 UTC 2023 iniciando las tareas del run.sh     ######################################
Wed Mar 8 19:11:52 UTC 2023 removiendo directorio de cache
Wed Mar 8 19:11:52 UTC 2023 modificando permisos
Wed Mar 8 19:11:52 UTC 2023 iniciando geopostouch geopos-touch-1.9.3.jar
Wed Mar 8 19:11:52 UTC 2023 seteando ruta del navegador
Wed Mar 8 19:11:52 UTC 2023 estrategia para iniciar el navegador
Wed Mar 8 19:11:52 UTC 2023 Intento 1
mié mar 8 19:11:53 UTC 2023 response status code 000
mié mar 8 19:11:53 UTC 2023 Intento 36
Wed Mar 8 19:11:57 UTC 2023 response status code 000
Wed Mar 8 19:11:57 UTC 2023 Intento 2
mié mar 8 19:11:58 UTC 2023 response status code 000
mié mar 8 19:11:58 UTC 2023 Intento 37
Wed Mar 8 19:12:02 UTC 2023 response status code 000
Wed Mar 8 19:12:02 UTC 2023 Intento 3
mié mar 8 19:12:03 UTC 2023 response status code 000
mié mar 8 19:12:03 UTC 2023 Intento 38
Wed Mar 8 19:12:08 UTC 2023 response status code 000
Wed Mar 8 19:12:08 UTC 2023 Intento 4
mié mar 8 19:12:08 UTC 2023 response status code 000
mié mar 8 19:12:08 UTC 2023 Intento 39
Wed Mar 8 19:12:13 UTC 2023 response status code 000
Wed Mar 8 19:12:13 UTC 2023 Intento 5
mié mar 8 19:12:13 UTC 2023 response status code 000
mié mar 8 19:12:13 UTC 2023 Intento 40
Wed Mar 8 19:12:18 UTC 2023 response status code 000
Wed Mar 8 19:12:18 UTC 2023 Intento 6
mié mar 8 19:12:18 UTC 2023 response status code 000
mié mar 8 19:12:18 UTC 2023 Intento 41
Wed Mar 8 19:12:23 UTC 2023 response status code 000
Wed Mar 8 19:12:23 UTC 2023 Intento 7
mié mar 8 19:12:23 UTC 2023 response status code 000
mié mar 8 19:12:23 UTC 2023 Intento 42
Wed Mar 8 19:12:28 UTC 2023 response status code 000
Wed Mar 8 19:12:28 UTC 2023 Intento 8
mié mar 8 19:12:28 UTC 2023 response status code 000
mié mar 8 19:12:28 UTC 2023 Intento 43
Wed Mar 8 19:12:33 UTC 2023 response status code 000
Wed Mar 8 19:12:33 UTC 2023 Intento 9
mié mar 8 19:12:33 UTC 2023 response status code 000
mié mar 8 19:12:33 UTC 2023 Intento 44
Wed Mar 8 19:12:38 UTC 2023 response status code 000
Wed Mar 8 19:12:38 UTC 2023 Intento 10
mié mar 8 19:12:38 UTC 2023 response status code 000
mié mar 8 19:12:38 UTC 2023 Intento 45
Wed Mar 8 19:12:43 UTC 2023 response status code 000
Wed Mar 8 19:12:43 UTC 2023 Intento 11
mié mar 8 19:12:43 UTC 2023 response status code 000
mié mar 8 19:12:43 UTC 2023 Intento 46
Wed Mar 8 19:12:48 UTC 2023 response status code 000
Wed Mar 8 19:12:48 UTC 2023 Intento 12
mié mar 8 19:12:48 UTC 2023 response status code 000
mié mar 8 19:12:48 UTC 2023 Intento 47
Wed Mar 8 19:12:53 UTC 2023 response status code 000
Wed Mar 8 19:12:53 UTC 2023 Intento 13
mié mar 8 19:12:53 UTC 2023 response status code 000
mié mar 8 19:12:53 UTC 2023 Intento 48
Wed Mar 8 19:12:58 UTC 2023 response status code 000
Wed Mar 8 19:12:58 UTC 2023 Intento 14
mié mar 8 19:12:58 UTC 2023 response status code 000
mié mar 8 19:12:58 UTC 2023 Intento 49
Wed Mar 8 19:13:03 UTC 2023 response status code 000
Wed Mar 8 19:13:03 UTC 2023 Intento 15
mié mar 8 19:13:03 UTC 2023 response status code 000
mié mar 8 19:13:03 UTC 2023 Intento 50
Wed Mar 8 19:13:08 UTC 2023 response status code 000
Wed Mar 8 19:13:08 UTC 2023 Intento 16
mié mar 8 19:13:08 UTC 2023 response status code 000
mié mar 8 19:13:08 UTC 2023 Intento 51
Wed Mar 8 19:13:13 UTC 2023 response status code 000
Wed Mar 8 19:13:13 UTC 2023 Intento 17
mié mar 8 19:13:14 UTC 2023 response status code 000
mié mar 8 19:13:14 UTC 2023 Intento 52
Wed Mar 8 19:13:18 UTC 2023 response status code 000
Wed Mar 8 19:13:18 UTC 2023 Intento 18
mié mar 8 19:13:19 UTC 2023 response status code 000
mié mar 8 19:13:19 UTC 2023 Intento 53
Wed Mar 8 19:13:23 UTC 2023 response status code 000
Wed Mar 8 19:13:23 UTC 2023 Intento 19
mié mar 8 19:13:24 UTC 2023 response status code 000
mié mar 8 19:13:24 UTC 2023 Intento 54
Wed Mar 8 19:13:28 UTC 2023 response status code 000
Wed Mar 8 19:13:28 UTC 2023 Intento 20
mié mar 8 19:13:29 UTC 2023 response status code 000
mié mar 8 19:13:29 UTC 2023 Intento 55
Wed Mar 8 19:13:33 UTC 2023 response status code 000
Wed Mar 8 19:13:33 UTC 2023 Intento 21
mié mar 8 19:13:34 UTC 2023 response status code 000
mié mar 8 19:13:34 UTC 2023 Intento 56
Wed Mar 8 19:13:38 UTC 2023 response status code 000
Wed Mar 8 19:13:38 UTC 2023 Intento 22
mié mar 8 19:13:39 UTC 2023 response status code 000
mié mar 8 19:13:39 UTC 2023 Intento 57
Wed Mar 8 19:13:43 UTC 2023 response status code 000
Wed Mar 8 19:13:43 UTC 2023 Intento 23
mié mar 8 19:13:44 UTC 2023 response status code 000
mié mar 8 19:13:44 UTC 2023 Intento 58
Wed Mar 8 19:13:48 UTC 2023 response status code 000
Wed Mar 8 19:13:48 UTC 2023 Intento 24
mié mar 8 19:13:49 UTC 2023 response status code 000
mié mar 8 19:13:49 UTC 2023 Intento 59
Wed Mar 8 19:13:53 UTC 2023 response status code 000
Wed Mar 8 19:13:53 UTC 2023 Intento 25
mié mar 8 19:13:54 UTC 2023 response status code 000
mié mar 8 19:13:54 UTC 2023 Intento 60
mié mar 8 19:13:59 UTC 2023 response status code 000
mié mar 8 19:13:59 UTC 2023 Intento 61
mié mar 8 19:14:04 UTC 2023 response status code 000
mié mar 8 19:14:04 UTC 2023 Intento 62
mié mar 8 19:14:09 UTC 2023 response status code 000
mié mar 8 19:14:09 UTC 2023 Intento 63
Wed Mar 8 19:14:10 UTC 2023 iniciando las tareas del run.sh     ######################################
Wed Mar 8 19:14:10 UTC 2023 removiendo directorio de cache
Wed Mar 8 19:14:10 UTC 2023 modificando permisos
Wed Mar 8 19:14:10 UTC 2023 iniciando geopostouch geopos-touch-1.9.3.jar
Wed Mar 8 19:14:10 UTC 2023 seteando ruta del navegador
Wed Mar 8 19:14:10 UTC 2023 estrategia para iniciar el navegador
Wed Mar 8 19:14:10 UTC 2023 Intento 1
mié mar 8 19:14:14 UTC 2023 response status code 000
mié mar 8 19:14:14 UTC 2023 Intento 64
Wed Mar 8 19:14:15 UTC 2023 response status code 000
Wed Mar 8 19:14:15 UTC 2023 Intento 2
mié mar 8 19:14:19 UTC 2023 response status code 000
mié mar 8 19:14:19 UTC 2023 Intento 65
mié mar 8 19:14:24 UTC 2023 response status code 000
mié mar 8 19:14:24 UTC 2023 Intento 66
mié mar 8 19:14:29 UTC 2023 response status code 000
mié mar 8 19:14:29 UTC 2023 Intento 67
mié mar 8 19:14:34 UTC 2023 response status code 000
mié mar 8 19:14:34 UTC 2023 Intento 68
mié mar 8 19:14:39 UTC 2023 response status code 000
mié mar 8 19:14:39 UTC 2023 Intento 69
mié mar 8 19:14:44 UTC 2023 response status code 000
mié mar 8 19:14:44 UTC 2023 Intento 70
mié mar 8 19:14:49 UTC 2023 response status code 000
mié mar 8 19:14:49 UTC 2023 Intento 71
mié mar 8 19:14:54 UTC 2023 response status code 000
mié mar 8 19:14:54 UTC 2023 Intento 72
mié mar 8 19:14:59 UTC 2023 response status code 000
mié mar 8 19:14:59 UTC 2023 Intento 73
mié mar 8 19:15:04 UTC 2023 response status code 000
mié mar 8 19:15:04 UTC 2023 Intento 74
mié mar 8 19:15:09 UTC 2023 response status code 000
mié mar 8 19:15:09 UTC 2023 Intento 75
mié mar 8 19:15:14 UTC 2023 response status code 000
mié mar 8 19:15:14 UTC 2023 Intento 76
mié mar 8 19:15:19 UTC 2023 response status code 000
mié mar 8 19:15:19 UTC 2023 Intento 77
mié mar 8 19:15:24 UTC 2023 response status code 000
mié mar 8 19:15:24 UTC 2023 Intento 78
mié mar 8 19:15:29 UTC 2023 response status code 000
mié mar 8 19:15:29 UTC 2023 Intento 79
mié mar 8 19:15:34 UTC 2023 response status code 000
mié mar 8 19:15:34 UTC 2023 Intento 80
mié mar 8 19:15:39 UTC 2023 response status code 000
mié mar 8 19:15:39 UTC 2023 Intento 81
mié mar 8 19:15:45 UTC 2023 response status code 000
mié mar 8 19:15:45 UTC 2023 Intento 82
mié mar 8 19:15:50 UTC 2023 response status code 000
mié mar 8 19:15:50 UTC 2023 Intento 83
mié mar 8 19:15:55 UTC 2023 response status code 000
mié mar 8 19:15:55 UTC 2023 Intento 84
mié mar 8 19:16:00 UTC 2023 response status code 000
mié mar 8 19:16:00 UTC 2023 Intento 85
mié mar 8 19:16:05 UTC 2023 response status code 000
mié mar 8 19:16:05 UTC 2023 Intento 86
mié mar 8 19:16:10 UTC 2023 response status code 200
mié mar 8 19:16:10 UTC 2023 iniciando navegador nwjs
mié mar 8 19:16:15 UTC 2023 consultar cantidad de procesos del navegador nwjs
mié mar 8 19:16:15 UTC 2023 cantidad de procesos 13
mié mar 8 19:16:15 UTC 2023 iniciado navegador nwjs
Thu Mar 9 12:51:11 UTC 2023 iniciando las tareas del run.sh     ######################################
Thu Mar 9 12:51:11 UTC 2023 removiendo directorio de cache
Thu Mar 9 12:51:12 UTC 2023 modificando permisos
Thu Mar 9 12:51:13 UTC 2023 iniciando geopostouch geopos-touch-1.9.3.jar
Thu Mar 9 12:51:13 UTC 2023 seteando ruta del navegador
Thu Mar 9 12:51:13 UTC 2023 estrategia para iniciar el navegador
Thu Mar 9 12:51:13 UTC 2023 Intento 1
Thu Mar 9 12:51:18 UTC 2023 response status code 000
Thu Mar 9 12:51:18 UTC 2023 Intento 2
Thu Mar 9 12:51:23 UTC 2023 response status code 000
Thu Mar 9 12:51:23 UTC 2023 Intento 3
Thu Mar 9 12:51:28 UTC 2023 response status code 000
Thu Mar 9 12:51:28 UTC 2023 Intento 4
Thu Mar 9 12:51:33 UTC 2023 response status code 000
Thu Mar 9 12:51:33 UTC 2023 Intento 5
Thu Mar 9 12:51:38 UTC 2023 response status code 000
Thu Mar 9 12:51:38 UTC 2023 Intento 6
Thu Mar 9 12:51:43 UTC 2023 response status code 000
Thu Mar 9 12:51:43 UTC 2023 Intento 7
Thu Mar 9 12:51:48 UTC 2023 response status code 000
Thu Mar 9 12:51:48 UTC 2023 Intento 8
Thu Mar 9 12:51:53 UTC 2023 response status code 000
Thu Mar 9 12:51:53 UTC 2023 Intento 9
Thu Mar 9 12:51:58 UTC 2023 response status code 000
Thu Mar 9 12:51:58 UTC 2023 Intento 10
Thu Mar 9 12:52:03 UTC 2023 response status code 000
Thu Mar 9 12:52:03 UTC 2023 Intento 11
Thu Mar 9 12:52:08 UTC 2023 response status code 000
Thu Mar 9 12:52:08 UTC 2023 Intento 12
Thu Mar 9 12:52:14 UTC 2023 response status code 000
Thu Mar 9 12:52:14 UTC 2023 Intento 13
Thu Mar 9 12:52:19 UTC 2023 response status code 000
Thu Mar 9 12:52:19 UTC 2023 Intento 14
Thu Mar 9 12:52:24 UTC 2023 response status code 000
Thu Mar 9 12:52:24 UTC 2023 Intento 15
Thu Mar 9 12:52:29 UTC 2023 response status code 000
Thu Mar 9 12:52:29 UTC 2023 Intento 16
Thu Mar 9 12:52:34 UTC 2023 response status code 000
Thu Mar 9 12:52:34 UTC 2023 Intento 17
Thu Mar 9 12:52:39 UTC 2023 response status code 000
Thu Mar 9 12:52:39 UTC 2023 Intento 18
Thu Mar 9 12:58:14 UTC 2023 iniciando las tareas del run.sh     ######################################
Thu Mar 9 12:58:14 UTC 2023 removiendo directorio de cache
Thu Mar 9 12:58:14 UTC 2023 modificando permisos
Thu Mar 9 12:58:14 UTC 2023 iniciando geopostouch geopos-touch-1.9.3.jar
Thu Mar 9 12:58:14 UTC 2023 seteando ruta del navegador
Thu Mar 9 12:58:14 UTC 2023 estrategia para iniciar el navegador
Thu Mar 9 12:58:14 UTC 2023 Intento 1
Thu Mar 9 12:58:19 UTC 2023 response status code 200
Thu Mar 9 12:58:19 UTC 2023 iniciando navegador nwjs
Thu Mar 9 12:58:24 UTC 2023 consultar cantidad de procesos del navegador nwjs
Thu Mar 9 12:58:24 UTC 2023 cantidad de procesos 10
Thu Mar 9 12:58:24 UTC 2023 iniciado navegador nwjs
Thu Mar 9 12:58:24 UTC 2023 finalizadas las tareas del run.sh   ######################################
Thu Mar 9 13:02:58 UTC 2023 iniciando las tareas del run.sh     ######################################
Thu Mar 9 13:02:58 UTC 2023 removiendo directorio de cache
Thu Mar 9 13:02:58 UTC 2023 modificando permisos
Thu Mar 9 13:02:59 UTC 2023 iniciando geopostouch geopos-touch-1.9.3.jar
Thu Mar 9 13:02:59 UTC 2023 seteando ruta del navegador
Thu Mar 9 13:02:59 UTC 2023 estrategia para iniciar el navegador
Thu Mar 9 13:02:59 UTC 2023 Intento 1
Thu Mar 9 13:03:04 UTC 2023 response status code 000
Thu Mar 9 13:03:04 UTC 2023 Intento 2
Thu Mar 9 13:03:09 UTC 2023 response status code 000
Thu Mar 9 13:03:09 UTC 2023 Intento 3
Thu Mar 9 13:03:14 UTC 2023 response status code 000
Thu Mar 9 13:03:14 UTC 2023 Intento 4
Thu Mar 9 13:03:19 UTC 2023 response status code 000
Thu Mar 9 13:03:19 UTC 2023 Intento 5
Thu Mar 9 13:03:24 UTC 2023 response status code 000
Thu Mar 9 13:03:24 UTC 2023 Intento 6
Thu Mar 9 13:03:30 UTC 2023 response status code 000
Thu Mar 9 13:03:30 UTC 2023 Intento 7
Thu Mar 9 13:03:35 UTC 2023 response status code 000
Thu Mar 9 13:03:35 UTC 2023 Intento 8
Thu Mar 9 13:03:40 UTC 2023 response status code 000
Thu Mar 9 13:03:40 UTC 2023 Intento 9
Thu Mar 9 13:03:45 UTC 2023 response status code 000
Thu Mar 9 13:03:45 UTC 2023 Intento 10
Thu Mar 9 13:03:50 UTC 2023 response status code 000
Thu Mar 9 13:03:50 UTC 2023 Intento 11
